[2022-01-25 21:20:15 : INFO] - 
 
[2022-01-25 21:20:15 : INFO] - Header for logs at time:  Tue, 25 Jan 2022 21:20:15 +0000 on https://incongress.com.br/lp 
[2022-01-25 21:20:15 : INFO] - WP: 5.8.3 
[2022-01-25 21:20:15 : INFO] - PHP: 7.4.26 (litespeed, Linux nl-srv-web291.main-hosting.eu 4.18.0-305.12.1.lve.el7h.x86_64 #1 SMP Tue Aug 17 03:13:08 EDT 2021 x86_64) 
[2022-01-25 21:20:15 : INFO] - MySQL: 5.5.5 
[2022-01-25 21:20:15 : INFO] - WPLANG: pt_BR 
[2022-01-25 21:20:15 : INFO] - Server: LiteSpeed 
[2022-01-25 21:20:15 : INFO] - Outbound connections: N 
[2022-01-25 21:20:15 : INFO] - safe_mode: 0 
[2022-01-25 21:20:15 : INFO] - max_execution_time: 300 
[2022-01-25 21:20:15 : INFO] - memory_limit: 512M (used: 25.1M | 4M) 
[2022-01-25 21:20:15 : INFO] - multisite: N 
[2022-01-25 21:20:15 : INFO] - openssl: OpenSSL 1.1.1d  10 Sep 2019 
[2022-01-27 13:13:53 : INFO] - Re_Smush_It_Task with attachment ID : 4649, autocreated on : January 27, 2022 01:13:53 
[2022-01-27 13:17:16 : INFO] - Re_Smush_It_Task with attachment ID : 4650, autocreated on : January 27, 2022 01:17:16 
[2022-01-27 13:18:53 : INFO] - 
 
[2022-01-27 13:18:53 : INFO] - Header for logs at time:  Thu, 27 Jan 2022 13:18:53 +0000 on https://incongress.com.br/lp 
[2022-01-27 13:18:53 : INFO] - WP: 5.9 
[2022-01-27 13:18:53 : INFO] - PHP: 7.4.26 (litespeed, Linux nl-srv-web291.main-hosting.eu 4.18.0-305.12.1.lve.el7h.x86_64 #1 SMP Tue Aug 17 03:13:08 EDT 2021 x86_64) 
[2022-01-27 13:18:53 : INFO] - MySQL: 5.5.5 
[2022-01-27 13:18:53 : INFO] - WPLANG: pt_BR 
[2022-01-27 13:18:53 : INFO] - Server: LiteSpeed 
[2022-01-27 13:18:53 : INFO] - Outbound connections: N 
[2022-01-27 13:18:53 : INFO] - safe_mode: 0 
[2022-01-27 13:18:53 : INFO] - max_execution_time: 300 
[2022-01-27 13:18:53 : INFO] - memory_limit: 512M (used: 28.6M | 2M) 
[2022-01-27 13:18:53 : INFO] - multisite: N 
[2022-01-27 13:18:53 : INFO] - openssl: OpenSSL 1.1.1d  10 Sep 2019 
[2022-01-27 13:18:53 : INFO] - A total of 2 tasks of type smush found and will be processed in this iteration 
[2022-01-27 13:18:53 : DEBUG] - Lock option (updraft_lock_smush, wp_options) was created in the database 
[2022-01-27 13:18:53 : INFO] - Lock (updraft_lock_smush, wp_options) acquired after initialising the database 
[2022-01-27 13:18:53 : INFO] - Processing task with ID : 1, and type 'smush' 
[2022-01-27 13:18:53 : INFO] - Re_Smush_It_Task with attachment ID : 4649, autocreated on : January 27, 2022 01:13:53 
[2022-01-27 13:18:53 : INFO] - 90 
[2022-01-27 13:18:54 : INFO] - Backing up the original image - 2022/01/Figura-CAPA-1-updraft-pre-smush-original.png 
[2022-01-27 13:18:54 : INFO] - Re_Smush_It_Task with attachment ID : 4649, autocreated on : January 27, 2022 01:13:53 
[2022-01-27 13:18:54 : INFO] - 90 
[2022-01-27 13:18:54 : INFO] - Re_Smush_It_Task with attachment ID : 4649, autocreated on : January 27, 2022 01:13:53 
[2022-01-27 13:18:54 : INFO] - 90 
[2022-01-27 13:18:54 : INFO] - Re_Smush_It_Task with attachment ID : 4649, autocreated on : January 27, 2022 01:13:53 
[2022-01-27 13:18:54 : INFO] - 90 
[2022-01-27 13:18:54 : INFO] - Successfully optimized the image - /home/u659872756/domains/incongress.com.br/public_html/lp/wp-content/uploads/2022/01/Figura-CAPA-1.png.The file was compressed from 110.24 KB to 110.24 KB saving 0 percent using WP-Optimize 
[2022-01-27 13:18:54 : INFO] - Completed processing task with ID : 1, and type 'smush' 
[2022-01-27 13:18:54 : INFO] - Processing task with ID : 2, and type 'smush' 
[2022-01-27 13:18:54 : INFO] - Re_Smush_It_Task with attachment ID : 4650, autocreated on : January 27, 2022 01:17:16 
[2022-01-27 13:18:54 : INFO] - 90 
[2022-01-27 13:18:55 : INFO] - Backing up the original image - 2022/01/1473380502_BOTAO_copy-updraft-pre-smush-original.png 
[2022-01-27 13:18:55 : INFO] - Re_Smush_It_Task with attachment ID : 4650, autocreated on : January 27, 2022 01:17:16 
[2022-01-27 13:18:55 : INFO] - 90 
[2022-01-27 13:18:55 : INFO] - Re_Smush_It_Task with attachment ID : 4650, autocreated on : January 27, 2022 01:17:16 
[2022-01-27 13:18:55 : INFO] - 90 
[2022-01-27 13:18:55 : INFO] - Re_Smush_It_Task with attachment ID : 4650, autocreated on : January 27, 2022 01:17:16 
[2022-01-27 13:18:55 : INFO] - 90 
[2022-01-27 13:18:55 : INFO] - Successfully optimized the image - /home/u659872756/domains/incongress.com.br/public_html/lp/wp-content/uploads/2022/01/1473380502_BOTAO_copy.png.The file was compressed from 8.70 KB to 3.15 KB saving 63.78 percent using WP-Optimize 
[2022-01-27 13:18:55 : INFO] - Completed processing task with ID : 2, and type 'smush' 
[2022-01-27 13:18:55 : INFO] - Lock option (updraft_lock_smush, wp_options) released 
[2022-01-27 13:18:55 : INFO] - Successfully processed the queue (smush). 2 tasks were processed out of 2. 
[2022-01-27 13:18:55 : INFO] - Lock option (updraft_lock_smush, wp_options) was deleted from the database 
[2022-01-27 13:18:55 : INFO] - Cleaning up tasks of type (smush). A total of 2 tasks will be deleted. 
[2022-01-27 13:28:55 : INFO] - 
 
[2022-01-27 13:28:55 : INFO] - Header for logs at time:  Thu, 27 Jan 2022 13:28:55 +0000 on https://incongress.com.br/lp 
[2022-01-27 13:28:55 : INFO] - WP: 5.9 
[2022-01-27 13:28:55 : INFO] - PHP: 7.4.26 (litespeed, Linux nl-srv-web291.main-hosting.eu 4.18.0-305.12.1.lve.el7h.x86_64 #1 SMP Tue Aug 17 03:13:08 EDT 2021 x86_64) 
[2022-01-27 13:28:55 : INFO] - MySQL: 5.5.5 
[2022-01-27 13:28:55 : INFO] - WPLANG: pt_BR 
[2022-01-27 13:28:55 : INFO] - Server: LiteSpeed 
[2022-01-27 13:28:55 : INFO] - Outbound connections: N 
[2022-01-27 13:28:55 : INFO] - safe_mode: 0 
[2022-01-27 13:28:55 : INFO] - max_execution_time: 300 
[2022-01-27 13:28:55 : INFO] - memory_limit: 512M (used: 28.6M | 30M) 
[2022-01-27 13:28:55 : INFO] - multisite: N 
[2022-01-27 13:28:55 : INFO] - openssl: OpenSSL 1.1.1d  10 Sep 2019 
[2022-01-27 13:28:55 : INFO] - The queue for tasks of type "smush" is empty. Aborting! 
